<?xml version="1.0" encoding="UTF-8"?>
<!-- Generated by org.testng.reporters.JUnitXMLReporter -->
<testsuite ignored="0" hostname="DESKTOP-AMAR" failures="1" tests="5" name="Default test(failed)" time="0.104" errors="0" timestamp="2022-08-09T15:12:34 IST">
  <testcase classname="practice.Demo" name="modifyContact" time="0.012">
    <skipped/>
  </testcase> <!-- modifyContact -->
  <testcase classname="practice.Demo" name="modifyContact" time="0.002">
    <skipped/>
  </testcase> <!-- modifyContact -->
  <testcase classname="practice.Demo" name="modifyContact" time="0.001">
    <skipped/>
  </testcase> <!-- modifyContact -->
  <testcase classname="practice.Demo" name="modifyContact" time="0.002">
    <skipped/>
  </testcase> <!-- modifyContact -->
  <testcase classname="practice.Demo" name="modifyContact" time="0.001">
    <failure type="java.lang.AssertionError" message="expected [true] but found [false]">
      <![CDATA[java.lang.AssertionError: expected [true] but found [false]
at practice.Demo.modifyContact(Demo.java:10)
at java.base/java.util.ArrayList.forEach(ArrayList.java:1511)
... Removed 33 stack frames]]>
    </failure>
  </testcase> <!-- modifyContact -->
</testsuite> <!-- Default test(failed) -->
